1628959712443	geckodriver	INFO	Listening on 127.0.0.1:62216
1628959712969	mozrunner::runner	INFO	Running command: "C:\\Program Files\\Mozilla Firefox\\firefox.exe" "--marionette" "-foreground" "-no-remote" "-profile" "C:\\Users\\kumarmu\\AppData\\Local\\Temp\\rust_mozprofileACIYf4"
JavaScript error: resource://gre/modules/XULStore.jsm, line 66: Error: Can't find profile directory.
console.warn: SearchSettings: "get: No settings file exists, new profile?" (new Error("", "(unknown module)"))
1628959719212	Marionette	INFO	Listening on port 62221
1628959719340	Marionette	WARN	TLS certificate errors will be ignored for this session
1628959719368	Marionette	ERROR	[18] No reply from Marionette:Register
console.error: Region.jsm: "Error fetching region" (new Error("TIMEOUT", "resource://gre/modules/Region.jsm", 775))
console.error: Region.jsm: "Failed to fetch region" (new Error("TIMEOUT", "resource://gre/modules/Region.jsm", 422))
1628959732678	Marionette	INFO	Stopped listening on port 62221

###!!! [Child][RunMessage] Error: Channel closing: too late to send/recv, messages will be lost

1628959734249	geckodriver	INFO	Listening on 127.0.0.1:62271
1628959734788	mozrunner::runner	INFO	Running command: "C:\\Program Files\\Mozilla Firefox\\firefox.exe" "--marionette" "-foreground" "-no-remote" "-profile" "C:\\Users\\kumarmu\\AppData\\Local\\Temp\\rust_mozprofileYx8cKs"
JavaScript error: resource://gre/modules/XULStore.jsm, line 66: Error: Can't find profile directory.
console.warn: SearchSettings: "get: No settings file exists, new profile?" (new Error("", "(unknown module)"))
console.warn: SearchSettings: "get: No settings file exists, new profile?" (new Error("", "(unknown module)"))
1628959740399	Marionette	INFO	Listening on port 62276
1628959740678	Marionette	WARN	TLS certificate errors will be ignored for this session
1628959740710	Marionette	ERROR	[18] No reply from Marionette:Register
1628959748610	Marionette	INFO	Stopped listening on port 62276

###!!! [Child][RunMessage] Error: Channel closing: too late to send/recv, messages will be lost

1628960387326	geckodriver	INFO	Listening on 127.0.0.1:62441
1628960387847	mozrunner::runner	INFO	Running command: "C:\\Program Files\\Mozilla Firefox\\firefox.exe" "--marionette" "-foreground" "-no-remote" "-profile" "C:\\Users\\kumarmu\\AppData\\Local\\Temp\\rust_mozprofileyRTq4C"
JavaScript error: resource://gre/modules/XULStore.jsm, line 66: Error: Can't find profile directory.
console.warn: SearchSettings: "get: No settings file exists, new profile?" (new Error("", "(unknown module)"))
1628960396727	Marionette	INFO	Listening on port 62446
1628960396803	Marionette	WARN	TLS certificate errors will be ignored for this session
1628960396843	Marionette	ERROR	[18] No reply from Marionette:Register
1628960399554	Marionette	INFO	Stopped listening on port 62446
JavaScript error: resource://activity-stream/lib/ASRouter.jsm, line 987: NS_ERROR_ILLEGAL_VALUE: Component returned failure code: 0x80070057 (NS_ERROR_ILLEGAL_VALUE) [nsIObserverService.removeObserver]
console.error: Region.jsm: "Error fetching region" (new Error("TIMEOUT", "resource://gre/modules/Region.jsm", 775))
console.error: Region.jsm: "Failed to fetch region" (new Error("TIMEOUT", "resource://gre/modules/Region.jsm", 422))
1628960404520	geckodriver	INFO	Listening on 127.0.0.1:62466
1628960404983	mozrunner::runner	INFO	Running command: "C:\\Program Files\\Mozilla Firefox\\firefox.exe" "--marionette" "-foreground" "-no-remote" "-profile" "C:\\Users\\kumarmu\\AppData\\Local\\Temp\\rust_mozprofileHMfoBb"
JavaScript error: resource://gre/modules/XULStore.jsm, line 66: Error: Can't find profile directory.
console.warn: SearchSettings: "get: No settings file exists, new profile?" (new Error("", "(unknown module)"))
console.warn: SearchSettings: "get: No settings file exists, new profile?" (new Error("", "(unknown module)"))
1628960412703	Marionette	INFO	Listening on port 62473
1628960413224	Marionette	WARN	TLS certificate errors will be ignored for this session
1628960413258	Marionette	ERROR	[18] No reply from Marionette:Register
1628960422967	Marionette	INFO	Stopped listening on port 62473
JavaScript error: resource://activity-stream/lib/ASRouter.jsm, line 987: NS_ERROR_ILLEGAL_VALUE: Component returned failure code: 0x80070057 (NS_ERROR_ILLEGAL_VALUE) [nsIObserverService.removeObserver]
JavaScript error: https://admin-demo.nopcommerce.com/lib_npm/jquery/jquery.min.js, line 2: NS_ERROR_NOT_INITIALIZED: 

###!!! [Child][RunMessage] Error: Channel closing: too late to send/recv, messages will be lost


###!!! [Child][RunMessage] Error: Channel closing: too late to send/recv, messages will be lost


###!!! [Child][RunMessage] Error: Channel closing: too late to send/recv, messages will be lost


###!!! [Child][RunMessage] Error: Channel closing: too late to send/recv, messages will be lost


###!!! [Child][RunMessage] Error: Channel closing: too late to send/recv, messages will be lost


###!!! [Child][RunMessage] Error: Channel closing: too late to send/recv, messages will be lost


###!!! [Child][RunMessage] Error: Channel closing: too late to send/recv, messages will be lost


###!!! [Child][RunMessage] Error: Channel closing: too late to send/recv, messages will be lost


###!!! [Child][RunMessage] Error: Channel closing: too late to send/recv, messages will be lost

1628960865682	geckodriver	INFO	Listening on 127.0.0.1:62560
1628960866194	mozrunner::runner	INFO	Running command: "C:\\Program Files\\Mozilla Firefox\\firefox.exe" "--marionette" "-foreground" "-no-remote" "-profile" "C:\\Users\\kumarmu\\AppData\\Local\\Temp\\rust_mozprofileTNWpPL"
JavaScript error: resource://gre/modules/XULStore.jsm, line 66: Error: Can't find profile directory.
console.warn: SearchSettings: "get: No settings file exists, new profile?" (new Error("", "(unknown module)"))
1628960874146	Marionette	INFO	Listening on port 62565
1628960874619	Marionette	WARN	TLS certificate errors will be ignored for this session
1628960874672	Marionette	ERROR	[18] No reply from Marionette:Register
console.error: Region.jsm: "Error fetching region" (new Error("TIMEOUT", "resource://gre/modules/Region.jsm", 775))
console.error: Region.jsm: "Failed to fetch region" (new Error("TIMEOUT", "resource://gre/modules/Region.jsm", 422))
1628960877124	Marionette	INFO	Stopped listening on port 62565
JavaScript error: resource://activity-stream/lib/ASRouter.jsm, line 987: NS_ERROR_ILLEGAL_VALUE: Component returned failure code: 0x80070057 (NS_ERROR_ILLEGAL_VALUE) [nsIObserverService.removeObserver]

###!!! [Child][RunMessage] Error: Channel closing: too late to send/recv, messages will be lost

1628960882135	geckodriver	INFO	Listening on 127.0.0.1:62582
1628960882603	mozrunner::runner	INFO	Running command: "C:\\Program Files\\Mozilla Firefox\\firefox.exe" "--marionette" "-foreground" "-no-remote" "-profile" "C:\\Users\\kumarmu\\AppData\\Local\\Temp\\rust_mozprofilef7dp8d"
JavaScript error: resource://gre/modules/XULStore.jsm, line 66: Error: Can't find profile directory.
console.warn: SearchSettings: "get: No settings file exists, new profile?" (new Error("", "(unknown module)"))
1628960889882	Marionette	INFO	Listening on port 62587
1628960890399	Marionette	WARN	TLS certificate errors will be ignored for this session
1628960890431	Marionette	ERROR	[18] No reply from Marionette:Register
1628960918651	Marionette	INFO	Stopped listening on port 62587
JavaScript error: https://admin-demo.nopcommerce.com/lib_npm/jquery/jquery.min.js, line 2: NS_ERROR_NOT_INITIALIZED: 

###!!! [Child][RunMessage] Error: Channel closing: too late to send/recv, messages will be lost


###!!! [Child][RunMessage] Error: Channel closing: too late to send/recv, messages will be lost


###!!! [Child][RunMessage] Error: Channel closing: too late to send/recv, messages will be lost

1629003067989	geckodriver	INFO	Listening on 127.0.0.1:61467
1629003068522	mozrunner::runner	INFO	Running command: "C:\\Program Files\\Mozilla Firefox\\firefox.exe" "--marionette" "-foreground" "-no-remote" "-profile" "C:\\Users\\kumarmu\\AppData\\Local\\Temp\\rust_mozprofileVZt4Ua"
JavaScript error: resource://gre/modules/XULStore.jsm, line 66: Error: Can't find profile directory.
console.warn: SearchSettings: "get: No settings file exists, new profile?" (new Error("", "(unknown module)"))
1629003075770	Marionette	INFO	Listening on port 61472
1629003076150	Marionette	WARN	TLS certificate errors will be ignored for this session
1629003076196	Marionette	ERROR	[21] No reply from Marionette:Register
console.error: Region.jsm: "Error fetching region" (new Error("TIMEOUT", "resource://gre/modules/Region.jsm", 775))
console.error: Region.jsm: "Failed to fetch region" (new Error("TIMEOUT", "resource://gre/modules/Region.jsm", 422))
1629003516725	Marionette	INFO	Stopped listening on port 61472
9003189943	mozrunner::runner	INFO	Running command: "C:\\Program Files\\Mozilla Firefox\\firefox.exe" "--marionette" "-foreground" "-no-remote" "-profile" "C:\\Users\\kumarmu\\AppData\\Local\\Temp\\rust_mozprofile1jN5L2"
JavaScript error: resource://gre/modules/XULStore.jsm, line 66: Error: Can't find profile directory.
console.warn: SearchSettings: "get: No settings file exists, new profile?" (new Error("", "(unknown module)"))
console.warn: SearchSettings: "get: No settings file exists, new profile?" (new Error("", "(unknown module)"))
1629003197784	Marionette	INFO	Listening on port 61599
1629003198225	Marionette	WARN	TLS certificate errors will be ignored for this session
1629003198255	Marionette	ERROR	[18] No reply from Marionette:Register

###!!! [Child][MessageChannel] Error: (msgtype=0x3A0147,name=PContent::Msg_AsyncMessage) Channel closing: too late to send/recv, messages will be lost

console.warn: LoginRecipes: "getRecipes: falling back to a synchronous message for:" "https://admin-demo.nopcommerce.com"
1629003514517	Marionette	INFO	Stopped listening on port 61599

###!!! [Child][RunMessage] Error: Channel closing: too late to send/recv, messages will be lost

1629003662209	geckodriver	INFO	Listening on 127.0.0.1:61833
1629003662725	mozrunner::runner	INFO	Running command: "C:\\Program Files\\Mozilla Firefox\\firefox.exe" "--marionette" "-foreground" "-no-remote" "-profile" "C:\\Users\\kumarmu\\AppData\\Local\\Temp\\rust_mozprofileEOSiVp"
JavaScript error: resource://gre/modules/XULStore.jsm, line 66: Error: Can't find profile directory.
console.warn: SearchSettings: "get: No settings file exists, new profile?" (new Error("", "(unknown module)"))
1629003668940	Marionette	INFO	Listening on port 61838
1629003669141	Marionette	WARN	TLS certificate errors will be ignored for this session
1629003669170	Marionette	ERROR	[18] No reply from Marionette:Register
console.error: Region.jsm: "Error fetching region" (new Error("TIMEOUT", "resource://gre/modules/Region.jsm", 775))
console.error: Region.jsm: "Failed to fetch region" (new Error("TIMEOUT", "resource://gre/modules/Region.jsm", 422))
console.warn: LoginRecipes: "getRecipes: falling back to a synchronous message for:" "https://admin-demo.nopcommerce.com"
1629004009043	Marionette	INFO	Stopped listening on port 61838
9003987432	mozrunner::runner	INFO	Running command: "C:\\Program Files\\Mozilla Firefox\\firefox.exe" "--marionette" "-foreground" "-no-remote" "-profile" "C:\\Users\\kumarmu\\AppData\\Local\\Temp\\rust_mozprofileEsGUol"
JavaScript error: resource://gre/modules/XULStore.jsm, line 66: Error: Can't find profile directory.
console.warn: SearchSettings: "get: No settings file exists, new profile?" (new Error("", "(unknown module)"))
1629003992167	Marionette	INFO	Listening on port 61981
1629003992255	Marionette	WARN	TLS certificate errors will be ignored for this session
1629003992278	Marionette	ERROR	[18] No reply from Marionette:Register
console.error: Region.jsm: "Error fetching region" (new Error("TIMEOUT", "resource://gre/modules/Region.jsm", 775))
console.error: Region.jsm: "Failed to fetch region" (new Error("TIMEOUT", "resource://gre/modules/Region.jsm", 422))
1629004056735	Marionette	INFO	Stopped listening on port 61981

###!!! [Child][RunMessage] Error: Channel closing: too late to send/recv, messages will be lost

1629038579691	geckodriver	INFO	Listening on 127.0.0.1:55085
1629038580214	mozrunner::runner	INFO	Running command: "C:\\Program Files\\Mozilla Firefox\\firefox.exe" "--marionette" "-foreground" "-no-remote" "-profile" "C:\\Users\\kumarmu\\AppData\\Local\\Temp\\rust_mozprofile2NMR1V"
JavaScript error: resource://gre/modules/XULStore.jsm, line 66: Error: Can't find profile directory.
console.warn: SearchSettings: "get: No settings file exists, new profile?" (new Error("", "(unknown module)"))
1629038587034	Marionette	INFO	Listening on port 55090
1629038587245	Marionette	WARN	TLS certificate errors will be ignored for this session
1629038587274	Marionette	ERROR	[21] No reply from Marionette:Register
console.error: Region.jsm: "Error fetching region" (new Error("TIMEOUT", "resource://gre/modules/Region.jsm", 775))
console.error: Region.jsm: "Failed to fetch region" (new Error("TIMEOUT", "resource://gre/modules/Region.jsm", 422))
console.log: WebExtensions: reset-default-search: starting.
console.log: WebExtensions: reset-default-search: No addons in our list are installed.
1629039227387	Marionette	INFO	Stopped listening on port 55090

###!!! [Child][RunMessage] Error: Channel closing: too late to send/recv, messages will be lost

